<?xml version="1.0" encoding="UTF-8"?>
<coverage generated="1719017633828" clover="3.2.0">
  <project timestamp="1719017633829" name="All files">
    <metrics statements="18" coveredstatements="18" conditionals="21" coveredconditionals="21" methods="6" coveredmethods="6" elements="45" coveredelements="45" complexity="0" loc="18" ncloc="18" packages="1" files="2" classes="2"/>
    <file name="passwordValidator.js" path="C:\proyectos\nodejs\prueba-password\passwordValidator.js">
      <metrics statements="10" coveredstatements="10" conditionals="8" coveredconditionals="8" methods="1" coveredmethods="1"/>
      <line num="2" count="26" type="stmt"/>
      <line num="3" count="26" type="stmt"/>
      <line num="4" count="26" type="cond" truecount="2" falsecount="0"/>
      <line num="5" count="26" type="stmt"/>
      <line num="6" count="26" type="stmt"/>
      <line num="7" count="26" type="stmt"/>
      <line num="8" count="26" type="stmt"/>
      <line num="9" count="26" type="stmt"/>
      <line num="11" count="26" type="cond" truecount="6" falsecount="0"/>
      <line num="19" count="1" type="stmt"/>
    </file>
    <file name="validation.js" path="C:\proyectos\nodejs\prueba-password\validation.js">
      <metrics statements="8" coveredstatements="8" conditionals="13" coveredconditionals="13" methods="5" coveredmethods="5"/>
      <line num="4" count="6" type="cond" truecount="3" falsecount="0"/>
      <line num="8" count="5" type="cond" truecount="3" falsecount="0"/>
      <line num="12" count="5" type="cond" truecount="3" falsecount="0"/>
      <line num="16" count="3" type="stmt"/>
      <line num="17" count="3" type="stmt"/>
      <line num="21" count="2" type="stmt"/>
      <line num="22" count="2" type="stmt"/>
      <line num="30" count="1" type="stmt"/>
    </file>
  </project>
</coverage>
