{"C:\\proyectos\\nodejs\\prueba-password\\passwordValidator.js": {"path":"C:\\proyectos\\nodejs\\prueba-password\\passwordValidator.js","statementMap":{"0":{"start":{"line":2,"column":22},"end":{"line":2,"column":23}},"1":{"start":{"line":3,"column":22},"end":{"line":3,"column":24}},"2":{"start":{"line":4,"column":30},"end":{"line":4,"column":90}},"3":{"start":{"line":5,"column":26},"end":{"line":5,"column":61}},"4":{"start":{"line":6,"column":25},"end":{"line":6,"column":47}},"5":{"start":{"line":7,"column":25},"end":{"line":7,"column":47}},"6":{"start":{"line":8,"column":22},"end":{"line":8,"column":41}},"7":{"start":{"line":9,"column":27},"end":{"line":9,"column":66}},"8":{"start":{"line":11,"column":4},"end":{"line":16,"column":23}},"9":{"start":{"line":19,"column":0},"end":{"line":19,"column":33}}},"fnMap":{"0":{"name":"isValidPassword","decl":{"start":{"line":1,"column":9},"end":{"line":1,"column":24}},"loc":{"start":{"line":1,"column":35},"end":{"line":17,"column":1}},"line":1}},"branchMap":{"0":{"loc":{"start":{"line":4,"column":30},"end":{"line":4,"column":90}},"type":"binary-expr","locations":[{"start":{"line":4,"column":30},"end":{"line":4,"column":58}},{"start":{"line":4,"column":62},"end":{"line":4,"column":90}}],"line":4},"1":{"loc":{"start":{"line":11,"column":11},"end":{"line":16,"column":22}},"type":"binary-expr","locations":[{"start":{"line":11,"column":11},"end":{"line":11,"column":28}},{"start":{"line":12,"column":8},"end":{"line":12,"column":21}},{"start":{"line":13,"column":8},"end":{"line":13,"column":20}},{"start":{"line":14,"column":8},"end":{"line":14,"column":20}},{"start":{"line":15,"column":8},"end":{"line":15,"column":17}},{"start":{"line":16,"column":8},"end":{"line":16,"column":22}}],"line":11}},"s":{"0":26,"1":26,"2":26,"3":26,"4":26,"5":26,"6":26,"7":26,"8":26,"9":1},"f":{"0":26},"b":{"0":[26,23],"1":[26,21,16,14,11,9]},"_coverageSchema":"1a1c01bbd47fc00a2c39e90264f33305004495a9","hash":"2b98a855e3d9c8c5c92a237660b2315bd5c93f71"}
,"C:\\proyectos\\nodejs\\prueba-password\\validation.js": {"path":"C:\\proyectos\\nodejs\\prueba-password\\validation.js","statementMap":{"0":{"start":{"line":4,"column":4},"end":{"line":4,"column":89}},"1":{"start":{"line":8,"column":4},"end":{"line":8,"column":89}},"2":{"start":{"line":12,"column":4},"end":{"line":12,"column":61}},"3":{"start":{"line":16,"column":23},"end":{"line":16,"column":51}},"4":{"start":{"line":17,"column":4},"end":{"line":17,"column":34}},"5":{"start":{"line":21,"column":47},"end":{"line":21,"column":51}},"6":{"start":{"line":22,"column":4},"end":{"line":27,"column":6}},"7":{"start":{"line":30,"column":2},"end":{"line":30,"column":96}}},"fnMap":{"0":{"name":"isValidUsername","decl":{"start":{"line":3,"column":9},"end":{"line":3,"column":24}},"loc":{"start":{"line":3,"column":35},"end":{"line":5,"column":3}},"line":3},"1":{"name":"isValidPassword","decl":{"start":{"line":7,"column":11},"end":{"line":7,"column":26}},"loc":{"start":{"line":7,"column":37},"end":{"line":9,"column":3}},"line":7},"2":{"name":"isValidAge","decl":{"start":{"line":11,"column":11},"end":{"line":11,"column":21}},"loc":{"start":{"line":11,"column":27},"end":{"line":13,"column":3}},"line":11},"3":{"name":"isValidEmail","decl":{"start":{"line":15,"column":11},"end":{"line":15,"column":23}},"loc":{"start":{"line":15,"column":31},"end":{"line":18,"column":3}},"line":15},"4":{"name":"validateUser","decl":{"start":{"line":20,"column":11},"end":{"line":20,"column":23}},"loc":{"start":{"line":20,"column":30},"end":{"line":28,"column":3}},"line":20}},"branchMap":{"0":{"loc":{"start":{"line":4,"column":11},"end":{"line":4,"column":88}},"type":"binary-expr","locations":[{"start":{"line":4,"column":11},"end":{"line":4,"column":39}},{"start":{"line":4,"column":43},"end":{"line":4,"column":63}},{"start":{"line":4,"column":67},"end":{"line":4,"column":88}}],"line":4},"1":{"loc":{"start":{"line":8,"column":11},"end":{"line":8,"column":88}},"type":"binary-expr","locations":[{"start":{"line":8,"column":11},"end":{"line":8,"column":39}},{"start":{"line":8,"column":43},"end":{"line":8,"column":63}},{"start":{"line":8,"column":67},"end":{"line":8,"column":88}}],"line":8},"2":{"loc":{"start":{"line":12,"column":11},"end":{"line":12,"column":60}},"type":"binary-expr","locations":[{"start":{"line":12,"column":11},"end":{"line":12,"column":34}},{"start":{"line":12,"column":38},"end":{"line":12,"column":47}},{"start":{"line":12,"column":51},"end":{"line":12,"column":60}}],"line":12},"3":{"loc":{"start":{"line":23,"column":6},"end":{"line":26,"column":25}},"type":"binary-expr","locations":[{"start":{"line":23,"column":6},"end":{"line":23,"column":31}},{"start":{"line":24,"column":6},"end":{"line":24,"column":31}},{"start":{"line":25,"column":6},"end":{"line":25,"column":21}},{"start":{"line":26,"column":6},"end":{"line":26,"column":25}}],"line":23}},"s":{"0":6,"1":5,"2":5,"3":3,"4":3,"5":2,"6":2,"7":1},"f":{"0":6,"1":5,"2":5,"3":3,"4":2},"b":{"0":[6,6,4],"1":[5,5,4],"2":[5,5,4],"3":[2,1,1,1]},"_coverageSchema":"1a1c01bbd47fc00a2c39e90264f33305004495a9","hash":"2ea603ed62db5ff5d201d910e5c899727ad457bf"}
}
