TN:
SF:passwordValidator.js
FN:1,isValidPassword
FNF:1
FNH:1
FNDA:26,isValidPassword
DA:2,26
DA:3,26
DA:4,26
DA:5,26
DA:6,26
DA:7,26
DA:8,26
DA:9,26
DA:11,26
DA:19,1
LF:10
LH:10
BRDA:4,0,0,26
BRDA:4,0,1,23
BRDA:11,1,0,26
BRDA:11,1,1,21
BRDA:11,1,2,16
BRDA:11,1,3,14
BRDA:11,1,4,11
BRDA:11,1,5,9
BRF:8
BRH:8
end_of_record
TN:
SF:validation.js
FN:3,isValidUsername
FN:7,isValidPassword
FN:11,isValidAge
FN:15,isValidEmail
FN:20,validateUser
FNF:5
FNH:5
FNDA:6,isValidUsername
FNDA:5,isValidPassword
FNDA:5,isValidAge
FNDA:3,isValidEmail
FNDA:2,validateUser
DA:4,6
DA:8,5
DA:12,5
DA:16,3
DA:17,3
DA:21,2
DA:22,2
DA:30,1
LF:8
LH:8
BRDA:4,0,0,6
BRDA:4,0,1,6
BRDA:4,0,2,4
BRDA:8,1,0,5
BRDA:8,1,1,5
BRDA:8,1,2,4
BRDA:12,2,0,5
BRDA:12,2,1,5
BRDA:12,2,2,4
BRDA:23,3,0,2
BRDA:23,3,1,1
BRDA:23,3,2,1
BRDA:23,3,3,1
BRF:13
BRH:13
end_of_record
